ToDoLiteSimulation	todolitesimulation	RUN	1423763977788	 	2.0
RecordedSimulation	717303703185999107-0	USER	START	1423763977809	0
RecordedSimulation	717303703185999107-0	REQUEST		request_0	1423763977838	1423763977839	1423763977840	1423763977840	OK	 
RecordedSimulation	717303703185999107-0	REQUEST		request_1	1423763977875	1423763977876	1423763977877	1423763977877	OK	 
RecordedSimulation	717303703185999107-0	REQUEST		request_4	1423763977880	1423763977881	1423763977882	1423763977882	KO	status.find.is(404), but actually found 401
RecordedSimulation	717303703185999107-0	REQUEST		request_5	1423763977880	1423763977882	1423763977883	1423763977883	KO	status.find.is(404), but actually found 401
RecordedSimulation	717303703185999107-0	REQUEST		request_6	1423763977881	1423763977883	1423763977884	1423763977884	KO	status.find.in(200,304,201,202,203,204,205,206,207,208,209), but actually found 401
RecordedSimulation	717303703185999107-0	REQUEST		request_3	1423763977878	1423763977882	1423763979697	1423763979697	OK	 
RecordedSimulation	717303703185999107-0	REQUEST		request_2	1423763977877	1423763977882	1423763979881	1423763979882	OK	 
RecordedSimulation	717303703185999107-0	REQUEST		request_7	1423763984904	1423763984905	1423763984906	1423763984906	KO	status.find.in(200,304,201,202,203,204,205,206,207,208,209), but actually found 409
RecordedSimulation	717303703185999107-0	REQUEST		request_8	1423763984908	1423763984909	1423763984910	1423763984910	KO	status.find.in(200,304,201,202,203,204,205,206,207,208,209), but actually found 409
RecordedSimulation	717303703185999107-0	REQUEST		request_9	1423764004924	1423764004925	1423764004937	1423764004937	OK	 
RecordedSimulation	717303703185999107-0	REQUEST		request_10	1423764004939	1423764004940	1423764004941	1423764004941	OK	 
RecordedSimulation	717303703185999107-0	REQUEST		request_11	1423764009941	1423764009942	1423764009943	1423764009943	KO	status.find.in(200,304,201,202,203,204,205,206,207,208,209), but actually found 409
RecordedSimulation	717303703185999107-0	REQUEST		request_12	1423764009945	1423764010838	1423764059754	1423764059754	OK	 
RecordedSimulation	717303703185999107-0	REQUEST		request_13	1423764064751	1423764064753	1423764064755	1423764064755	OK	 
RecordedSimulation	717303703185999107-0	REQUEST		request_14	1423764064757	1423764064758	1423764064759	1423764064759	OK	 
RecordedSimulation	717303703185999107-0	REQUEST		request_15	1423764069762	1423764069763	1423764069765	1423764069765	KO	status.find.in(200,304,201,202,203,204,205,206,207,208,209), but actually found 409
RecordedSimulation	717303703185999107-0	REQUEST		request_16	1423764069767	1423764069768	1423764102962	1423764102962	OK	 
RecordedSimulation	717303703185999107-0	REQUEST		request_17	1423764127972	1423764127973	1423764127974	1423764127974	KO	status.find.in(200,304,201,202,203,204,205,206,207,208,209), but actually found 409
RecordedSimulation	717303703185999107-0	REQUEST		request_19	1423764127976	1423764128443	1423764165188	1423764165188	OK	 
RecordedSimulation	717303703185999107-0	REQUEST		request_20	1423764128276	1423764128439	1423764178876	1423764178876	OK	 
RecordedSimulation	717303703185999107-0	REQUEST		request_18	1423764127976	1423764127976	1423764181486	1423764181486	OK	 
RecordedSimulation	717303703185999107-0	REQUEST		request_21	1423764192483	1423764192484	1423764192486	1423764192486	OK	 
RecordedSimulation	717303703185999107-0	REQUEST		request_22	1423764192488	1423764192489	1423764192490	1423764192490	OK	 
RecordedSimulation	717303703185999107-0	REQUEST		request_23	1423764197502	1423764197503	1423764197504	1423764197504	KO	status.find.in(200,304,201,202,203,204,205,206,207,208,209), but actually found 409
RecordedSimulation	717303703185999107-0	REQUEST		request_24	1423764198492	1423764198493	1423764198494	1423764198494	KO	status.find.in(200,304,201,202,203,204,205,206,207,208,209), but actually found 409
RecordedSimulation	717303703185999107-0	REQUEST		request_25	1423764198496	1423764198496	1423764245991	1423764245991	OK	 
RecordedSimulation	717303703185999107-0	USER	END	1423763977809	1423764245993
